Start testing: Jan 21 10:45 CST
----------------------------------------------------------
1/1 Testing: Test_of_Turtlelib
1/1 Test: Test_of_Turtlelib
Command: "/home/ian/test5_ws/src/slam-project-ikc8581/turtlelib/build/turtlelib_test"
Directory: /home/ian/test5_ws/src/slam-project-ikc8581/turtlelib/build
"Test_of_Turtlelib" start time: Jan 21 10:45 CST
Output:
----------------------------------------------------------
===============================================================================
All tests passed (33 assertions in 13 test cases)

<end of output>
Test time =   0.01 sec
----------------------------------------------------------
Test Passed.
"Test_of_Turtlelib" end time: Jan 21 10:45 CST
"Test_of_Turtlelib" time elapsed: 00:00:00
----------------------------------------------------------

End testing: Jan 21 10:45 CST
